[debug] [2024-11-16T17:28:27.124Z] ----------------------------------------------------------------------
[debug] [2024-11-16T17:28:27.127Z] Command:       /opt/homebrew/Cellar/node/21.1.0/bin/node /opt/homebrew/bin/firebase init
[debug] [2024-11-16T17:28:27.128Z] CLI Version:   13.25.0
[debug] [2024-11-16T17:28:27.128Z] Platform:      darwin
[debug] [2024-11-16T17:28:27.128Z] Node Version:  v21.1.0
[debug] [2024-11-16T17:28:27.128Z] Time:          Sat Nov 16 2024 17:28:27 GMT+0000 (Western European Standard Time)
[debug] [2024-11-16T17:28:27.128Z] ----------------------------------------------------------------------
[debug] 
[debug] [2024-11-16T17:28:27.132Z] > command requires scopes: ["email","openid","https://www.googleapis.com/auth/cloudplatformprojects.readonly","https://www.googleapis.com/auth/firebase","https://www.googleapis.com/auth/cloud-platform"]
[debug] [2024-11-16T17:28:27.132Z] > authorizing via signed-in user (oussamahamdani1@gmail.com)
[info] 
     ######## #### ########  ######## ########     ###     ######  ########
     ##        ##  ##     ## ##       ##     ##  ##   ##  ##       ##
     ######    ##  ########  ######   ########  #########  ######  ######
     ##        ##  ##    ##  ##       ##     ## ##     ##       ## ##
     ##       #### ##     ## ######## ########  ##     ##  ######  ########

You're about to initialize a Firebase project in this directory:

  /Users/oussamahm/personal_Projects/hackathon/techstarts-1/impact

[info] 
=== Project Setup
[info] 
[info] First, let's associate this project directory with a Firebase project.
[info] You can create multiple project aliases by running firebase use --add, 
[info] but for now we'll just set up a default project.
[info] 
[info] i  If you want to create a project in a Google Cloud organization or folder, please use "firebase projects:create" instead, and return to this command when you've created the project. 
[debug] [2024-11-16T17:29:34.794Z] Checked if tokens are valid: false, expires at: 1671979957000
[debug] [2024-11-16T17:29:34.795Z] Checked if tokens are valid: false, expires at: 1671979957000
[debug] [2024-11-16T17:29:34.796Z] > refreshing access token with scopes: []
[debug] [2024-11-16T17:29:34.800Z] >>> [apiv2][query] POST https://www.googleapis.com/oauth2/v3/token [none]
[debug] [2024-11-16T17:29:34.800Z] >>> [apiv2][body] POST https://www.googleapis.com/oauth2/v3/token [omitted]
[debug] [2024-11-16T17:29:34.974Z] <<< [apiv2][status] POST https://www.googleapis.com/oauth2/v3/token 400
[debug] [2024-11-16T17:29:34.975Z] <<< [apiv2][body] POST https://www.googleapis.com/oauth2/v3/token [omitted]
[debug] [2024-11-16T17:29:34.975Z] >>> [apiv2][query] POST https://cloudresourcemanager.googleapis.com/v1/projects [none]
[debug] [2024-11-16T17:29:34.975Z] >>> [apiv2][body] POST https://cloudresourcemanager.googleapis.com/v1/projects {"projectId":"burnout-8019c","name":"burnout"}
[debug] [2024-11-16T17:29:35.636Z] <<< [apiv2][status] POST https://cloudresourcemanager.googleapis.com/v1/projects 401
[debug] [2024-11-16T17:29:35.636Z] <<< [apiv2][body] POST https://cloudresourcemanager.googleapis.com/v1/projects {"error":{"code":401,"message":"Request had invalid authentication credentials. Expected OAuth 2 access token, login cookie or other valid authentication credential. See https://developers.google.com/identity/sign-in/web/devconsole-project.","status":"UNAUTHENTICATED","details":[{"@type":"type.googleapis.com/google.rpc.ErrorInfo","reason":"ACCESS_TOKEN_TYPE_UNSUPPORTED","metadata":{"method":"google.cloudresourcemanager.v1.Projects.CreateProject","service":"cloudresourcemanager.googleapis.com"}}]}}
[debug] [2024-11-16T17:29:35.636Z] Got a 401 Unauthenticated error for a call that required authentication. Refreshing tokens.
[debug] [2024-11-16T17:29:35.636Z] Checked if tokens are valid: false, expires at: 1671979957000
[debug] [2024-11-16T17:29:35.636Z] Checked if tokens are valid: false, expires at: 1671979957000
[debug] [2024-11-16T17:29:35.636Z] > refreshing access token with scopes: []
[debug] [2024-11-16T17:29:35.636Z] >>> [apiv2][query] POST https://www.googleapis.com/oauth2/v3/token [none]
[debug] [2024-11-16T17:29:35.636Z] >>> [apiv2][body] POST https://www.googleapis.com/oauth2/v3/token [omitted]
[debug] [2024-11-16T17:29:35.689Z] <<< [apiv2][status] POST https://www.googleapis.com/oauth2/v3/token 400
[debug] [2024-11-16T17:29:35.689Z] <<< [apiv2][body] POST https://www.googleapis.com/oauth2/v3/token [omitted]
[debug] [2024-11-16T17:29:35.774Z] FirebaseError: Request to https://cloudresourcemanager.googleapis.com/v1/projects had HTTP Error: 401, Request had invalid authentication credentials. Expected OAuth 2 access token, login cookie or other valid authentication credential. See https://developers.google.com/identity/sign-in/web/devconsole-project.
    at responseToError (/opt/homebrew/lib/node_modules/firebase-tools/lib/responseToError.js:52:12)
    at RetryOperation._fn (/opt/homebrew/lib/node_modules/firebase-tools/lib/apiv2.js:312:77)
    at process.processTicksAndRejections (node:internal/process/task_queues:95:5)
[error] 
[error] Error: Failed to create project. See firebase-debug.log for more info.
